;  LST file generated by mikroListExporter - v.2.0 
; Date/Time: 06/11/2016 13:55:49
;----------------------------------------------

;Address Opcode 	ASM
0x0000	0xF003EF7B  	GOTO        1782
0x0004	0x0000      	NOP
0x0006	0x0000      	NOP
0x0008	0xF000EF00  	GOTO        0
0x000C	0x0000      	NOP
0x000E	0x0000      	NOP
0x0010	0x0000      	NOP
0x0012	0x0000      	NOP
0x0014	0x0000      	NOP
0x0016	0x0000      	NOP
0x0018	0xD7F3      	BRA         0
_Mul_32x32_U:
;__Lib_Math.c,1616 :: 		
;__Lib_Math.c,1631 :: 		
0x001C	0x0E22      	MOVLW       34
;__Lib_Math.c,1632 :: 		
0x001E	0x6E0C      	MOVWF       R12, 0
;__Lib_Math.c,1633 :: 		
0x0020	0x6A08      	CLRF        R8, 0
;__Lib_Math.c,1634 :: 		
0x0022	0x6A09      	CLRF        R9, 0
;__Lib_Math.c,1635 :: 		
0x0024	0x6A0A      	CLRF        R10, 0
;__Lib_Math.c,1636 :: 		
0x0026	0x6A0B      	CLRF        R11, 0
;__Lib_Math.c,1638 :: 		
_NEXT:
;__Lib_Math.c,1642 :: 		
0x0028	0x060C      	DECF        R12, 1, 0
;__Lib_Math.c,1643 :: 		
0x002A	0xB4D8      	BTFSC       STATUS, 2, 0
;__Lib_Math.c,1644 :: 		
0x002C	0xD01F      	BRA         _EXIT2
;__Lib_Math.c,1645 :: 		
0x002E	0x90D8      	BCF         STATUS, 0, 0
;__Lib_Math.c,1647 :: 		
_LOOP:
;__Lib_Math.c,1656 :: 		
0x0030	0x320B      	RRCF        R11, 1, 0
;__Lib_Math.c,1657 :: 		
0x0032	0x320A      	RRCF        R10, 1, 0
;__Lib_Math.c,1658 :: 		
0x0034	0x3209      	RRCF        R9, 1, 0
;__Lib_Math.c,1659 :: 		
0x0036	0x3208      	RRCF        R8, 1, 0
;__Lib_Math.c,1660 :: 		
0x0038	0x3203      	RRCF        R3, 1, 0
;__Lib_Math.c,1661 :: 		
0x003A	0x3202      	RRCF        R2, 1, 0
;__Lib_Math.c,1662 :: 		
0x003C	0x3201      	RRCF        R1, 1, 0
;__Lib_Math.c,1663 :: 		
0x003E	0x3200      	RRCF        R0, 1, 0
;__Lib_Math.c,1668 :: 		
0x0040	0xA0D8      	BTFSS       STATUS, 0, 0
;__Lib_Math.c,1669 :: 		
0x0042	0xD7F2      	BRA         _NEXT
;__Lib_Math.c,1670 :: 		
0x0044	0x060C      	DECF        R12, 1, 0
;__Lib_Math.c,1671 :: 		
0x0046	0xB4D8      	BTFSC       STATUS, 2, 0
;__Lib_Math.c,1672 :: 		
0x0048	0xD009      	BRA         _EXIT1
;__Lib_Math.c,1679 :: 		
0x004A	0x5004      	MOVF        R4, 0, 0
;__Lib_Math.c,1680 :: 		
0x004C	0x2608      	ADDWF       R8, 1, 0
;__Lib_Math.c,1681 :: 		
0x004E	0x5005      	MOVF        R5, 0, 0
;__Lib_Math.c,1684 :: 		
0x0050	0x2209      	ADDWFC      R9, 1, 0
;__Lib_Math.c,1685 :: 		
0x0052	0x5006      	MOVF        R6, 0, 0
;__Lib_Math.c,1688 :: 		
0x0054	0x220A      	ADDWFC      R10, 1, 0
;__Lib_Math.c,1689 :: 		
0x0056	0x5007      	MOVF        R7, 0, 0
;__Lib_Math.c,1692 :: 		
0x0058	0x220B      	ADDWFC      R11, 1, 0
;__Lib_Math.c,1694 :: 		
0x005A	0xD7EA      	BRA         _LOOP
;__Lib_Math.c,1696 :: 		
_EXIT1:
;__Lib_Math.c,1701 :: 		
0x005C	0x5004      	MOVF        R4, 0, 0
;__Lib_Math.c,1702 :: 		
0x005E	0x2608      	ADDWF       R8, 1, 0
;__Lib_Math.c,1703 :: 		
0x0060	0x5005      	MOVF        R5, 0, 0
;__Lib_Math.c,1706 :: 		
0x0062	0x2209      	ADDWFC      R9, 1, 0
;__Lib_Math.c,1707 :: 		
0x0064	0x5006      	MOVF        R6, 0, 0
;__Lib_Math.c,1710 :: 		
0x0066	0x220A      	ADDWFC      R10, 1, 0
;__Lib_Math.c,1711 :: 		
0x0068	0x5007      	MOVF        R7, 0, 0
;__Lib_Math.c,1714 :: 		
0x006A	0x220B      	ADDWFC      R11, 1, 0
;__Lib_Math.c,1717 :: 		
_EXIT2:
;__Lib_Math.c,1719 :: 		
L_end_Mul_32x32_U:
0x006C	0x0012      	RETURN      0
; end of _Mul_32x32_U
_Div_16x16_S_L:
;__Lib_Math.c,139 :: 		
;__Lib_Math.c,146 :: 		
0x006E	0x3401      	RLCF        R1, 0, 0
;__Lib_Math.c,147 :: 		
0x0070	0x3608      	RLCF        R8, 1, 0
;__Lib_Math.c,148 :: 		
0x0072	0x3609      	RLCF        R9, 1, 0
;__Lib_Math.c,149 :: 		
0x0074	0x5004      	MOVF        R4, 0, 0
;__Lib_Math.c,150 :: 		
0x0076	0x5E08      	SUBWF       R8, 1, 0
;__Lib_Math.c,151 :: 		
0x0078	0x5005      	MOVF        R5, 0, 0
;__Lib_Math.c,152 :: 		
0x007A	0xA0D8      	BTFSS       STATUS, 0, 0
;__Lib_Math.c,153 :: 		
0x007C	0x3C05      	INCFSZ      R5, 0, 0
;__Lib_Math.c,154 :: 		
0x007E	0x5E09      	SUBWF       R9, 1, 0
;__Lib_Math.c,155 :: 		
0x0080	0x3600      	RLCF        R0, 1, 0
;__Lib_Math.c,156 :: 		
0x0082	0x3601      	RLCF        R1, 1, 0
;__Lib_Math.c,158 :: 		
0x0084	0x0E0F      	MOVLW       15
;__Lib_Math.c,159 :: 		
0x0086	0x6E0C      	MOVWF       R12, 0
;__Lib_Math.c,161 :: 		
0x0088	0x3401      	RLCF        R1, 0, 0
;__Lib_Math.c,162 :: 		
0x008A	0x3608      	RLCF        R8, 1, 0
;__Lib_Math.c,163 :: 		
0x008C	0x3609      	RLCF        R9, 1, 0
;__Lib_Math.c,164 :: 		
0x008E	0x5004      	MOVF        R4, 0, 0
;__Lib_Math.c,166 :: 		
0x0090	0xA000      	BTFSS       R0, 0, 0
;__Lib_Math.c,167 :: 		
0x0092	0xD006      	BRA         $+14
;__Lib_Math.c,168 :: 		
0x0094	0x5E08      	SUBWF       R8, 1, 0
;__Lib_Math.c,169 :: 		
0x0096	0x5005      	MOVF        R5, 0, 0
;__Lib_Math.c,170 :: 		
0x0098	0xA0D8      	BTFSS       STATUS, 0, 0
;__Lib_Math.c,171 :: 		
0x009A	0x3C05      	INCFSZ      R5, 0, 0
;__Lib_Math.c,172 :: 		
0x009C	0x5E09      	SUBWF       R9, 1, 0
;__Lib_Math.c,173 :: 		
0x009E	0xD005      	BRA         $+12
;__Lib_Math.c,175 :: 		
0x00A0	0x2608      	ADDWF       R8, 1, 0
;__Lib_Math.c,176 :: 		
0x00A2	0x5005      	MOVF        R5, 0, 0
;__Lib_Math.c,177 :: 		
0x00A4	0xB0D8      	BTFSC       STATUS, 0, 0
;__Lib_Math.c,178 :: 		
0x00A6	0x3C05      	INCFSZ      R5, 0, 0
;__Lib_Math.c,179 :: 		
0x00A8	0x2609      	ADDWF       R9, 1, 0
;__Lib_Math.c,181 :: 		
0x00AA	0x3600      	RLCF        R0, 1, 0
;__Lib_Math.c,182 :: 		
0x00AC	0x3601      	RLCF        R1, 1, 0
;__Lib_Math.c,184 :: 		
0x00AE	0x2E0C      	DECFSZ      R12, 1, 0
;__Lib_Math.c,185 :: 		
0x00B0	0xD7EB      	BRA         $-40
;__Lib_Math.c,187 :: 		
0x00B2	0xB000      	BTFSC       R0, 0, 0
;__Lib_Math.c,188 :: 		
0x00B4	0xD006      	BRA         $+14
;__Lib_Math.c,189 :: 		
0x00B6	0x5004      	MOVF        R4, 0, 0
;__Lib_Math.c,190 :: 		
0x00B8	0x2608      	ADDWF       R8, 1, 0
;__Lib_Math.c,191 :: 		
0x00BA	0x5005      	MOVF        R5, 0, 0
;__Lib_Math.c,192 :: 		
0x00BC	0xB0D8      	BTFSC       STATUS, 0, 0
;__Lib_Math.c,193 :: 		
0x00BE	0x3C05      	INCFSZ      R5, 0, 0
;__Lib_Math.c,194 :: 		
0x00C0	0x2609      	ADDWF       R9, 1, 0
;__Lib_Math.c,195 :: 		
0x00C2	0x0000      	NOP
;__Lib_Math.c,197 :: 		
L_end_Div_16x16_S_L:
0x00C4	0x0012      	RETURN      0
; end of _Div_16x16_S_L
_srand:
;__Lib_CStdlib.c,301 :: 		
;__Lib_CStdlib.c,302 :: 		
0x00C6	0xF1DFC269  	MOVFF       FARG_srand_x, __Lib_CStdlib_randx
0x00CA	0xF1E0C26A  	MOVFF       FARG_srand_x+1, __Lib_CStdlib_randx+1
0x00CE	0x0E00      	MOVLW       0
0x00D0	0x0101      	MOVLB       1
0x00D2	0x6FE1      	MOVWF       __Lib_CStdlib_randx+2, 1
0x00D4	0x6FE2      	MOVWF       __Lib_CStdlib_randx+3, 1
;__Lib_CStdlib.c,303 :: 		
0x00D6	0x0E01      	MOVLW       1
0x00D8	0x6FE3      	MOVWF       __Lib_CStdlib_randf, 1
;__Lib_CStdlib.c,304 :: 		
L_end_srand:
0x00DA	0x0012      	RETURN      0
; end of _srand
_rand:
;__Lib_CStdlib.c,307 :: 		
;__Lib_CStdlib.c,308 :: 		
0x00DC	0x0101      	MOVLB       1
0x00DE	0x53E3      	MOVF        __Lib_CStdlib_randf, 1, 1
0x00E0	0xE106      	BNZ         L_rand75
;__Lib_CStdlib.c,309 :: 		
0x00E2	0x0E01      	MOVLW       1
0x00E4	0x0102      	MOVLB       2
0x00E6	0x6F69      	MOVWF       FARG_srand_x, 1
0x00E8	0x0E00      	MOVLW       0
0x00EA	0x6F6A      	MOVWF       FARG_srand_x+1, 1
0x00EC	0xDFEC      	RCALL       _srand
L_rand75:
;__Lib_CStdlib.c,310 :: 		
0x00EE	0xF000C1DF  	MOVFF       __Lib_CStdlib_randx, R0
0x00F2	0xF001C1E0  	MOVFF       __Lib_CStdlib_randx+1, R1
0x00F6	0xF002C1E1  	MOVFF       __Lib_CStdlib_randx+2, R2
0x00FA	0xF003C1E2  	MOVFF       __Lib_CStdlib_randx+3, R3
0x00FE	0x0E6D      	MOVLW       109
0x0100	0x6E04      	MOVWF       R4 
0x0102	0x0E4E      	MOVLW       78
0x0104	0x6E05      	MOVWF       R5 
0x0106	0x0EC6      	MOVLW       198
0x0108	0x6E06      	MOVWF       R6 
0x010A	0x0E41      	MOVLW       65
0x010C	0x6E07      	MOVWF       R7 
0x010E	0xDF86      	RCALL       _Mul_32x32_U
0x0110	0x0E39      	MOVLW       57
0x0112	0x2400      	ADDWF       R0, 0 
0x0114	0x6E05      	MOVWF       R5 
0x0116	0x0E30      	MOVLW       48
0x0118	0x2001      	ADDWFC      R1, 0 
0x011A	0x6E06      	MOVWF       R6 
0x011C	0x0E00      	MOVLW       0
0x011E	0x2002      	ADDWFC      R2, 0 
0x0120	0x6E07      	MOVWF       R7 
0x0122	0x0E00      	MOVLW       0
0x0124	0x2003      	ADDWFC      R3, 0 
0x0126	0x6E08      	MOVWF       R8 
0x0128	0xF000C007  	MOVFF       R7, R0
0x012C	0xF001C008  	MOVFF       R8, R1
0x0130	0x0E00      	MOVLW       0
0x0132	0xBE08      	BTFSC       R8, 7 
0x0134	0x0EFF      	MOVLW       255
0x0136	0x6E02      	MOVWF       R2 
0x0138	0x6E03      	MOVWF       R3 
0x013A	0x0EFF      	MOVLW       255
0x013C	0x1600      	ANDWF       R0, 1 
0x013E	0x0E7F      	MOVLW       127
0x0140	0x1601      	ANDWF       R1, 1 
0x0142	0x0E00      	MOVLW       0
0x0144	0x1602      	ANDWF       R2, 1 
0x0146	0x1603      	ANDWF       R3, 1 
0x0148	0xF1DFC000  	MOVFF       R0, __Lib_CStdlib_randx
0x014C	0xF1E0C001  	MOVFF       R1, __Lib_CStdlib_randx+1
0x0150	0xF1E1C002  	MOVFF       R2, __Lib_CStdlib_randx+2
0x0154	0xF1E2C003  	MOVFF       R3, __Lib_CStdlib_randx+3
;__Lib_CStdlib.c,311 :: 		
;__Lib_CStdlib.c,312 :: 		
L_end_rand:
0x0158	0x0012      	RETURN      0
; end of _rand
_Div_16x16_S:
;__Lib_Math.c,200 :: 		
;__Lib_Math.c,208 :: 		
0x015A	0x5004      	MOVF        R4, 0 
0x015C	0x0A00      	XORLW       0
0x015E	0xE108      	BNZ         L_Div_16x16_S0
;__Lib_Math.c,209 :: 		
0x0160	0x5005      	MOVF        R5, 0 
0x0162	0x0A00      	XORLW       0
0x0164	0xE105      	BNZ         L_Div_16x16_S1
;__Lib_Math.c,210 :: 		
0x0166	0x0EFF      	MOVLW       255
0x0168	0x6E00      	MOVWF       R0 
;__Lib_Math.c,211 :: 		
0x016A	0x0E7F      	MOVLW       127
0x016C	0x6E01      	MOVWF       R1 
;__Lib_Math.c,212 :: 		
0x016E	0xD057      	BRA         L_end_Div_16x16_S
;__Lib_Math.c,213 :: 		
L_Div_16x16_S1:
L_Div_16x16_S0:
;__Lib_Math.c,216 :: 		
0x0170	0x6A0D      	CLRF        R13, 0
;__Lib_Math.c,217 :: 		
0x0172	0x6A09      	CLRF        R9, 0
;__Lib_Math.c,218 :: 		
0x0174	0x6A08      	CLRF        R8, 0
;__Lib_Math.c,219 :: 		
0x0176	0x5001      	MOVF        R1, 0, 0
;__Lib_Math.c,220 :: 		
0x0178	0x1000      	IORWF       R0, 0, 0
;__Lib_Math.c,221 :: 		
0x017A	0xB4D8      	BTFSC       STATUS, 2, 0
;__Lib_Math.c,222 :: 		
0x017C	0x0C00      	RETLW       0
;__Lib_Math.c,224 :: 		
0x017E	0x5001      	MOVF        R1, 0, 0
;__Lib_Math.c,225 :: 		
0x0180	0x1805      	XORWF       R5, 0, 0
;__Lib_Math.c,226 :: 		
0x0182	0x6E0A      	MOVWF       R10, 0
;__Lib_Math.c,227 :: 		
0x0184	0xBE0A      	BTFSC       R10, 7, 0
;__Lib_Math.c,228 :: 		
0x0186	0x1E0D      	COMF        R13, 1, 0
;__Lib_Math.c,230 :: 		
0x0188	0x6A0B      	CLRF        R11, 0
;__Lib_Math.c,232 :: 		
0x018A	0xAE05      	BTFSS       R5, 7, 0
;__Lib_Math.c,233 :: 		
0x018C	0xD005      	BRA         $+12
;__Lib_Math.c,235 :: 		
0x018E	0x1E04      	COMF        R4, 1, 0
;__Lib_Math.c,236 :: 		
0x0190	0x1E05      	COMF        R5, 1, 0
;__Lib_Math.c,237 :: 		
0x0192	0x2A04      	INCF        R4, 1, 0
;__Lib_Math.c,238 :: 		
0x0194	0xB4D8      	BTFSC       STATUS, 2, 0
;__Lib_Math.c,239 :: 		
0x0196	0x2A05      	INCF        R5, 1, 0
;__Lib_Math.c,241 :: 		
0x0198	0xAE01      	BTFSS       R1, 7, 0
;__Lib_Math.c,242 :: 		
0x019A	0xD005      	BRA         $+12
;__Lib_Math.c,244 :: 		
0x019C	0x1E00      	COMF        R0, 1, 0
;__Lib_Math.c,245 :: 		
0x019E	0x1E01      	COMF        R1, 1, 0
;__Lib_Math.c,246 :: 		
0x01A0	0x2A00      	INCF        R0, 1, 0
;__Lib_Math.c,247 :: 		
0x01A2	0xB4D8      	BTFSC       STATUS, 2, 0
;__Lib_Math.c,248 :: 		
0x01A4	0x2A01      	INCF        R1, 1, 0
;__Lib_Math.c,250 :: 		
0x01A6	0x5001      	MOVF        R1, 0, 0
;__Lib_Math.c,251 :: 		
0x01A8	0x1005      	IORWF       R5, 0, 0
;__Lib_Math.c,252 :: 		
0x01AA	0x6E0A      	MOVWF       R10, 0
;__Lib_Math.c,253 :: 		
0x01AC	0xBE0A      	BTFSC       R10, 7, 0
;__Lib_Math.c,254 :: 		
0x01AE	0xD010      	BRA         $+34
;__Lib_Math.c,256 :: 		
0x01B0	0xDF5E      	RCALL       _Div_16x16_S_L
;__Lib_Math.c,258 :: 		
0x01B2	0xB00B      	BTFSC       R11, 0, 0
;__Lib_Math.c,259 :: 		
0x01B4	0xD020      	BRA         $+66
;__Lib_Math.c,261 :: 		
0x01B6	0xAE0D      	BTFSS       R13, 7, 0
;__Lib_Math.c,262 :: 		
0x01B8	0x0C00      	RETLW       0
;__Lib_Math.c,264 :: 		
0x01BA	0x1E00      	COMF        R0, 1, 0
;__Lib_Math.c,265 :: 		
0x01BC	0x1E01      	COMF        R1, 1, 0
;__Lib_Math.c,266 :: 		
0x01BE	0x2A00      	INCF        R0, 1, 0
;__Lib_Math.c,267 :: 		
0x01C0	0xB4D8      	BTFSC       STATUS, 2, 0
;__Lib_Math.c,268 :: 		
0x01C2	0x2A01      	INCF        R1, 1, 0
;__Lib_Math.c,270 :: 		
0x01C4	0x1E08      	COMF        R8, 1, 0
;__Lib_Math.c,271 :: 		
0x01C6	0x1E09      	COMF        R9, 1, 0
;__Lib_Math.c,272 :: 		
0x01C8	0x2A08      	INCF        R8, 1, 0
;__Lib_Math.c,273 :: 		
0x01CA	0xB4D8      	BTFSC       STATUS, 2, 0
;__Lib_Math.c,274 :: 		
0x01CC	0x2A09      	INCF        R9, 1, 0
;__Lib_Math.c,276 :: 		
0x01CE	0x0C00      	RETLW       0
;__Lib_Math.c,278 :: 		
0x01D0	0xAE05      	BTFSS       R5, 7, 0
;__Lib_Math.c,279 :: 		
0x01D2	0xD00D      	BRA         $+28
;__Lib_Math.c,280 :: 		
0x01D4	0xBE01      	BTFSC       R1, 7, 0
;__Lib_Math.c,281 :: 		
0x01D6	0xD007      	BRA         $+16
;__Lib_Math.c,282 :: 		
0x01D8	0x5001      	MOVF        R1, 0, 0
;__Lib_Math.c,283 :: 		
0x01DA	0x6E09      	MOVWF       R9, 0
;__Lib_Math.c,284 :: 		
0x01DC	0x5000      	MOVF        R0, 0, 0
;__Lib_Math.c,285 :: 		
0x01DE	0x6E08      	MOVWF       R8, 0
;__Lib_Math.c,286 :: 		
0x01E0	0x6A01      	CLRF        R1, 0
;__Lib_Math.c,287 :: 		
0x01E2	0x6A00      	CLRF        R0, 0
;__Lib_Math.c,288 :: 		
0x01E4	0xD7E8      	BRA         $-46
;__Lib_Math.c,289 :: 		
0x01E6	0x6A01      	CLRF        R1, 0
;__Lib_Math.c,290 :: 		
0x01E8	0x6A00      	CLRF        R0, 0
;__Lib_Math.c,291 :: 		
0x01EA	0x2A00      	INCF        R0, 1, 0
;__Lib_Math.c,292 :: 		
0x01EC	0x0C00      	RETLW       0
;__Lib_Math.c,294 :: 		
0x01EE	0x1E01      	COMF        R1, 1, 0
;__Lib_Math.c,295 :: 		
0x01F0	0x1E00      	COMF        R0, 1, 0
;__Lib_Math.c,296 :: 		
0x01F2	0x2A0B      	INCF        R11, 1, 0
;__Lib_Math.c,297 :: 		
0x01F4	0xD7DD      	BRA         $-68
;__Lib_Math.c,299 :: 		
0x01F6	0x2A08      	INCF        R8, 1, 0
;__Lib_Math.c,300 :: 		
0x01F8	0xB4D8      	BTFSC       STATUS, 2, 0
;__Lib_Math.c,301 :: 		
0x01FA	0x2A09      	INCF        R9, 1, 0
;__Lib_Math.c,302 :: 		
0x01FC	0x5004      	MOVF        R4, 0, 0
;__Lib_Math.c,303 :: 		
0x01FE	0x5C08      	SUBWF       R8, 0, 0
;__Lib_Math.c,304 :: 		
0x0200	0xA4D8      	BTFSS       STATUS, 2, 0
;__Lib_Math.c,305 :: 		
0x0202	0xD7D9      	BRA         $-76
;__Lib_Math.c,306 :: 		
0x0204	0x5005      	MOVF        R5, 0, 0
;__Lib_Math.c,307 :: 		
0x0206	0x5C09      	SUBWF       R9, 0, 0
;__Lib_Math.c,308 :: 		
0x0208	0xA4D8      	BTFSS       STATUS, 2, 0
;__Lib_Math.c,309 :: 		
0x020A	0xD7D5      	BRA         $-84
;__Lib_Math.c,310 :: 		
0x020C	0x6A09      	CLRF        R9, 0
;__Lib_Math.c,311 :: 		
0x020E	0x6A08      	CLRF        R8, 0
;__Lib_Math.c,312 :: 		
0x0210	0x2A00      	INCF        R0, 1, 0
;__Lib_Math.c,313 :: 		
0x0212	0xB4D8      	BTFSC       STATUS, 2, 0
;__Lib_Math.c,314 :: 		
0x0214	0x2A01      	INCF        R1, 1, 0
;__Lib_Math.c,315 :: 		
0x0216	0xAE01      	BTFSS       R1, 7, 0
;__Lib_Math.c,316 :: 		
0x0218	0xD7CE      	BRA         $-98
;__Lib_Math.c,317 :: 		
0x021A	0x0000      	NOP
;__Lib_Math.c,318 :: 		
0x021C	0x0CFF      	RETLW       255
;__Lib_Math.c,320 :: 		
L_end_Div_16x16_S:
0x021E	0x0012      	RETURN      0
; end of _Div_16x16_S
_Mul_16X16_U:
;__Lib_Math.c,440 :: 		
;__Lib_Math.c,447 :: 		
0x0220	0x6A0B      	CLRF        R11, 0
;__Lib_Math.c,448 :: 		
0x0222	0x6A0A      	CLRF        R10, 0
;__Lib_Math.c,449 :: 		
0x0224	0x6A09      	CLRF        R9, 0
;__Lib_Math.c,450 :: 		
0x0226	0x5000      	MOVF        R0, 0, 0
;__Lib_Math.c,451 :: 		
0x0228	0x0204      	MULWF       R4, 0
;__Lib_Math.c,453 :: 		
0x022A	0xF009CFF4  	MOVFF       PRODH, R9
;__Lib_Math.c,454 :: 		
0x022E	0xF008CFF3  	MOVFF       PRODL, R8
;__Lib_Math.c,455 :: 		
0x0232	0x5001      	MOVF        R1, 0, 0
;__Lib_Math.c,456 :: 		
0x0234	0x0205      	MULWF       R5, 0
;__Lib_Math.c,458 :: 		
0x0236	0xF00BCFF4  	MOVFF       PRODH, R11
;__Lib_Math.c,459 :: 		
0x023A	0xF00ACFF3  	MOVFF       PRODL, R10
;__Lib_Math.c,460 :: 		
0x023E	0x5000      	MOVF        R0, 0, 0
;__Lib_Math.c,461 :: 		
0x0240	0x0205      	MULWF       R5, 0
;__Lib_Math.c,463 :: 		
0x0242	0x50F3      	MOVF        PRODL, 0, 0
;__Lib_Math.c,464 :: 		
0x0244	0x2609      	ADDWF       R9, 1, 0
;__Lib_Math.c,465 :: 		
0x0246	0x50F4      	MOVF        PRODH, 0, 0
;__Lib_Math.c,466 :: 		
0x0248	0x220A      	ADDWFC      R10, 1, 0
;__Lib_Math.c,467 :: 		
0x024A	0x6AE8      	CLRF        WREG, 0
;__Lib_Math.c,468 :: 		
0x024C	0x220B      	ADDWFC      R11, 1, 0
;__Lib_Math.c,469 :: 		
0x024E	0x5001      	MOVF        R1, 0, 0
;__Lib_Math.c,470 :: 		
0x0250	0x0204      	MULWF       R4, 0
;__Lib_Math.c,472 :: 		
0x0252	0x50F3      	MOVF        PRODL, 0, 0
;__Lib_Math.c,473 :: 		
0x0254	0x2609      	ADDWF       R9, 1, 0
;__Lib_Math.c,474 :: 		
0x0256	0x50F4      	MOVF        PRODH, 0, 0
;__Lib_Math.c,475 :: 		
0x0258	0x220A      	ADDWFC      R10, 1, 0
;__Lib_Math.c,476 :: 		
0x025A	0x6AE8      	CLRF        WREG, 0
;__Lib_Math.c,477 :: 		
0x025C	0x220B      	ADDWFC      R11, 1, 0
;__Lib_Math.c,479 :: 		
0x025E	0xF000C008  	MOVFF       R8, R0
;__Lib_Math.c,480 :: 		
0x0262	0xF001C009  	MOVFF       R9, R1
;__Lib_Math.c,481 :: 		
0x0266	0xF002C00A  	MOVFF       R10, R2
;__Lib_Math.c,482 :: 		
0x026A	0xF003C00B  	MOVFF       R11, R3
;__Lib_Math.c,485 :: 		
L_end_Mul_16X16_U:
0x026E	0x0012      	RETURN      0
; end of _Mul_16X16_U
_validar_posicoes_vazias:
;BatalhaNaval.c,62 :: 		short validar_posicoes_vazias(short x, short y, short tamanho)
;BatalhaNaval.c,66 :: 		for (i = x; i < x + tamanho; i++)
0x0270	0xF268C265  	MOVFF       FARG_validar_posicoes_vazias_x, validar_posicoes_vazias_i_L0
L_validar_posicoes_vazias6:
0x0274	0x0102      	MOVLB       2
0x0276	0x5167      	MOVF        FARG_validar_posicoes_vazias_tamanho, 0, 1
0x0278	0x2565      	ADDWF       FARG_validar_posicoes_vazias_x, 0, 1
0x027A	0x6E01      	MOVWF       R1 
0x027C	0x0E00      	MOVLW       0
0x027E	0xBF65      	BTFSC       FARG_validar_posicoes_vazias_x, 7, 1
0x0280	0x0EFF      	MOVLW       255
0x0282	0x6E02      	MOVWF       R2 
0x0284	0x0E00      	MOVLW       0
0x0286	0xBF67      	BTFSC       FARG_validar_posicoes_vazias_tamanho, 7, 1
0x0288	0x0EFF      	MOVLW       255
0x028A	0x2202      	ADDWFC      R2, 1 
0x028C	0x0E80      	MOVLW       128
0x028E	0xBF68      	BTFSC       validar_posicoes_vazias_i_L0, 7, 1
0x0290	0x0E7F      	MOVLW       127
0x0292	0x6E00      	MOVWF       R0 
0x0294	0x0E80      	MOVLW       128
0x0296	0x1802      	XORWF       R2, 0 
0x0298	0x5C00      	SUBWF       R0, 0 
0x029A	0xE102      	BNZ         L__validar_posicoes_vazias40
0x029C	0x5001      	MOVF        R1, 0 
0x029E	0x5D68      	SUBWF       validar_posicoes_vazias_i_L0, 0, 1
L__validar_posicoes_vazias40:
0x02A0	0xE22E      	BC          L_validar_posicoes_vazias7
;BatalhaNaval.c,67 :: 		if (matriz[i][y] == 1)
0x02A2	0x0E1E      	MOVLW       30
0x02A4	0x6E00      	MOVWF       R0 
0x02A6	0x0E00      	MOVLW       0
0x02A8	0x6E01      	MOVWF       R1 
0x02AA	0xF004C268  	MOVFF       validar_posicoes_vazias_i_L0, R4
0x02AE	0x0E00      	MOVLW       0
0x02B0	0xBF68      	BTFSC       validar_posicoes_vazias_i_L0, 7, 1
0x02B2	0x0EFF      	MOVLW       255
0x02B4	0x6E05      	MOVWF       R5 
0x02B6	0xDFB4      	RCALL       _Mul_16X16_U
0x02B8	0x0E15      	MOVLW       _matriz
0x02BA	0x2400      	ADDWF       R0, 0 
0x02BC	0x6E03      	MOVWF       R3 
0x02BE	0x0E00      	MOVLW       hi_addr(_matriz)
0x02C0	0x2001      	ADDWFC      R1, 0 
0x02C2	0x6E04      	MOVWF       R4 
0x02C4	0xF000C266  	MOVFF       FARG_validar_posicoes_vazias_y, R0
0x02C8	0x0E00      	MOVLW       0
0x02CA	0xBF66      	BTFSC       FARG_validar_posicoes_vazias_y, 7, 1
0x02CC	0x0EFF      	MOVLW       255
0x02CE	0x6E01      	MOVWF       R1 
0x02D0	0x3600      	RLCF        R0, 1 
0x02D2	0x9000      	BCF         R0, 0 
0x02D4	0x3601      	RLCF        R1, 1 
0x02D6	0x5000      	MOVF        R0, 0 
0x02D8	0x2403      	ADDWF       R3, 0 
0x02DA	0x6EE9      	MOVWF       FSR0L 
0x02DC	0x5001      	MOVF        R1, 0 
0x02DE	0x2004      	ADDWFC      R4, 0 
0x02E0	0x6EEA      	MOVWF       FSR0H 
0x02E2	0xF001CFEE  	MOVFF       POSTINC0, R1
0x02E6	0xF002CFEE  	MOVFF       POSTINC0, R2
0x02EA	0x0E00      	MOVLW       0
0x02EC	0x1802      	XORWF       R2, 0 
0x02EE	0xE102      	BNZ         L__validar_posicoes_vazias41
0x02F0	0x0E01      	MOVLW       1
0x02F2	0x1801      	XORWF       R1, 0 
L__validar_posicoes_vazias41:
0x02F4	0xE102      	BNZ         L_validar_posicoes_vazias9
;BatalhaNaval.c,68 :: 		return 0;
0x02F6	0x6A00      	CLRF        R0 
0x02F8	0xD004      	BRA         L_end_validar_posicoes_vazias
L_validar_posicoes_vazias9:
;BatalhaNaval.c,66 :: 		for (i = x; i < x + tamanho; i++)
0x02FA	0x2B68      	INCF        validar_posicoes_vazias_i_L0, 1, 1
;BatalhaNaval.c,68 :: 		return 0;
0x02FC	0xD7BB      	BRA         L_validar_posicoes_vazias6
L_validar_posicoes_vazias7:
;BatalhaNaval.c,70 :: 		return 1;
0x02FE	0x0E01      	MOVLW       1
0x0300	0x6E00      	MOVWF       R0 
;BatalhaNaval.c,71 :: 		}
L_end_validar_posicoes_vazias:
0x0302	0x0012      	RETURN      0
; end of _validar_posicoes_vazias
_gerar_aleatorio:
;BatalhaNaval.c,57 :: 		short gerar_aleatorio(short limite)
;BatalhaNaval.c,59 :: 		return rand() % limite;
0x0304	0xDEEB      	RCALL       _rand
0x0306	0xF004C265  	MOVFF       FARG_gerar_aleatorio_limite, R4
0x030A	0x0E00      	MOVLW       0
0x030C	0x0102      	MOVLB       2
0x030E	0xBF65      	BTFSC       FARG_gerar_aleatorio_limite, 7, 1
0x0310	0x0EFF      	MOVLW       255
0x0312	0x6E05      	MOVWF       R5 
0x0314	0xDF22      	RCALL       _Div_16x16_S
0x0316	0xF000C008  	MOVFF       R8, R0
0x031A	0xF001C009  	MOVFF       R9, R1
;BatalhaNaval.c,60 :: 		}
L_end_gerar_aleatorio:
0x031E	0x0012      	RETURN      0
; end of _gerar_aleatorio
_init_matrix:
;BatalhaNaval.c,41 :: 		void init_matrix()
;BatalhaNaval.c,46 :: 		for (i = 0; i < 15; i++)
0x0320	0x0102      	MOVLB       2
0x0322	0x6B5F      	CLRF        init_matrix_i_L0, 1
0x0324	0x6B60      	CLRF        init_matrix_i_L0+1, 1
L_init_matrix0:
0x0326	0x0E80      	MOVLW       128
0x0328	0x1960      	XORWF       init_matrix_i_L0+1, 0, 1
0x032A	0x6E00      	MOVWF       R0 
0x032C	0x0E80      	MOVLW       128
0x032E	0x5C00      	SUBWF       R0, 0 
0x0330	0xE102      	BNZ         L__init_matrix35
0x0332	0x0E0F      	MOVLW       15
0x0334	0x5D5F      	SUBWF       init_matrix_i_L0, 0, 1
L__init_matrix35:
0x0336	0xE22F      	BC          L_init_matrix1
;BatalhaNaval.c,47 :: 		for (j = 0; j < 15; j++)
0x0338	0x6B61      	CLRF        init_matrix_j_L0, 1
0x033A	0x6B62      	CLRF        init_matrix_j_L0+1, 1
L_init_matrix3:
0x033C	0x0E80      	MOVLW       128
0x033E	0x1962      	XORWF       init_matrix_j_L0+1, 0, 1
0x0340	0x6E00      	MOVWF       R0 
0x0342	0x0E80      	MOVLW       128
0x0344	0x5C00      	SUBWF       R0, 0 
0x0346	0xE102      	BNZ         L__init_matrix36
0x0348	0x0E0F      	MOVLW       15
0x034A	0x5D61      	SUBWF       init_matrix_j_L0, 0, 1
L__init_matrix36:
0x034C	0xE221      	BC          L_init_matrix4
;BatalhaNaval.c,48 :: 		matriz[i][j] = 0;
0x034E	0x0E1E      	MOVLW       30
0x0350	0x6E00      	MOVWF       R0 
0x0352	0x0E00      	MOVLW       0
0x0354	0x6E01      	MOVWF       R1 
0x0356	0xF004C25F  	MOVFF       init_matrix_i_L0, R4
0x035A	0xF005C260  	MOVFF       init_matrix_i_L0+1, R5
0x035E	0xDF60      	RCALL       _Mul_16X16_U
0x0360	0x0E15      	MOVLW       _matriz
0x0362	0x2400      	ADDWF       R0, 0 
0x0364	0x6E03      	MOVWF       R3 
0x0366	0x0E00      	MOVLW       hi_addr(_matriz)
0x0368	0x2001      	ADDWFC      R1, 0 
0x036A	0x6E04      	MOVWF       R4 
0x036C	0xF000C261  	MOVFF       init_matrix_j_L0, R0
0x0370	0xF001C262  	MOVFF       init_matrix_j_L0+1, R1
0x0374	0x3600      	RLCF        R0, 1 
0x0376	0x9000      	BCF         R0, 0 
0x0378	0x3601      	RLCF        R1, 1 
0x037A	0x5000      	MOVF        R0, 0 
0x037C	0x2403      	ADDWF       R3, 0 
0x037E	0x6EE1      	MOVWF       FSR1L 
0x0380	0x5001      	MOVF        R1, 0 
0x0382	0x2004      	ADDWFC      R4, 0 
0x0384	0x6EE2      	MOVWF       FSR1H 
0x0386	0x6AE6      	CLRF        POSTINC1 
0x0388	0x6AE6      	CLRF        POSTINC1 
;BatalhaNaval.c,47 :: 		for (j = 0; j < 15; j++)
0x038A	0x4B61      	INFSNZ      init_matrix_j_L0, 1, 1
0x038C	0x2B62      	INCF        init_matrix_j_L0+1, 1, 1
;BatalhaNaval.c,48 :: 		matriz[i][j] = 0;
0x038E	0xD7D6      	BRA         L_init_matrix3
L_init_matrix4:
;BatalhaNaval.c,46 :: 		for (i = 0; i < 15; i++)
0x0390	0x4B5F      	INFSNZ      init_matrix_i_L0, 1, 1
0x0392	0x2B60      	INCF        init_matrix_i_L0+1, 1, 1
;BatalhaNaval.c,48 :: 		matriz[i][j] = 0;
0x0394	0xD7C8      	BRA         L_init_matrix0
L_init_matrix1:
;BatalhaNaval.c,49 :: 		}
L_end_init_matrix:
0x0396	0x0012      	RETURN      0
; end of _init_matrix
_UART1_Init:
;__Lib_UART_c67.c,15 :: 		
;__Lib_UART_c67.c,18 :: 		
0x0398	0x0EFF      	MOVLW       _UART1_Write
0x039A	0x0101      	MOVLB       1
0x039C	0x6FD7      	MOVWF       _UART_Wr_Ptr, 1
0x039E	0x0EFF      	MOVLW       hi_addr(_UART1_Write)
0x03A0	0x6FD8      	MOVWF       _UART_Wr_Ptr+1, 1
0x03A2	0x0EFF      	MOVLW       FARG_UART1_Write_data_
0x03A4	0x6FD9      	MOVWF       _UART_Wr_Ptr+2, 1
0x03A6	0x0EFF      	MOVLW       hi_addr(FARG_UART1_Write_data_)
0x03A8	0x6FDA      	MOVWF       _UART_Wr_Ptr+3, 1
;__Lib_UART_c67.c,19 :: 		
0x03AA	0x0EFF      	MOVLW       _UART1_Read
0x03AC	0x6FDB      	MOVWF       _UART_Rd_Ptr, 1
0x03AE	0x0EFF      	MOVLW       hi_addr(_UART1_Read)
0x03B0	0x6FDC      	MOVWF       _UART_Rd_Ptr+1, 1
0x03B2	0x0E00      	MOVLW       0
0x03B4	0x6FDD      	MOVWF       _UART_Rd_Ptr+2, 1
0x03B6	0x0E00      	MOVLW       0
0x03B8	0x6FDE      	MOVWF       _UART_Rd_Ptr+3, 1
;__Lib_UART_c67.c,20 :: 		
0x03BA	0x0EFF      	MOVLW       _UART1_Data_Ready
0x03BC	0x6FE4      	MOVWF       _UART_Rdy_Ptr, 1
0x03BE	0x0EFF      	MOVLW       hi_addr(_UART1_Data_Ready)
0x03C0	0x6FE5      	MOVWF       _UART_Rdy_Ptr+1, 1
0x03C2	0x0E00      	MOVLW       0
0x03C4	0x6FE6      	MOVWF       _UART_Rdy_Ptr+2, 1
0x03C6	0x0E00      	MOVLW       0
0x03C8	0x6FE7      	MOVWF       _UART_Rdy_Ptr+3, 1
;__Lib_UART_c67.c,21 :: 		
0x03CA	0x0EFF      	MOVLW       _UART1_Tx_Idle
0x03CC	0x0102      	MOVLB       2
0x03CE	0x6F3F      	MOVWF       _UART_Tx_Idle_Ptr, 1
0x03D0	0x0EFF      	MOVLW       hi_addr(_UART1_Tx_Idle)
0x03D2	0x6F40      	MOVWF       _UART_Tx_Idle_Ptr+1, 1
0x03D4	0x0E00      	MOVLW       0
0x03D6	0x6F41      	MOVWF       _UART_Tx_Idle_Ptr+2, 1
0x03D8	0x0E00      	MOVLW       0
0x03DA	0x6F42      	MOVWF       _UART_Tx_Idle_Ptr+3, 1
;__Lib_UART_c67.c,23 :: 		
0x03DC	0x8AAC      	BSF         TXSTA, 5 
;__Lib_UART_c67.c,24 :: 		
0x03DE	0x0E90      	MOVLW       144
0x03E0	0x6EAB      	MOVWF       RCSTA 
;__Lib_UART_c67.c,25 :: 		
0x03E2	0x8E94      	BSF         TRISC7_bit, BitPos(TRISC7_bit+0) 
;__Lib_UART_c67.c,26 :: 		
0x03E4	0x9C94      	BCF         TRISC6_bit, BitPos(TRISC6_bit+0) 
;__Lib_UART_c67.c,28 :: 		
L_UART1_Init0:
0x03E6	0xAA9E      	BTFSS       PIR1, 5 
0x03E8	0xD003      	BRA         L_UART1_Init1
;__Lib_UART_c67.c,29 :: 		
0x03EA	0xF000CFAE  	MOVFF       RCREG, R0
0x03EE	0xD7FB      	BRA         L_UART1_Init0
L_UART1_Init1:
;__Lib_UART_c67.c,30 :: 		
L_end_UART1_Init:
0x03F0	0x0012      	RETURN      0
; end of _UART1_Init
_posicionar_horizontal:
;BatalhaNaval.c,73 :: 		void posicionar_horizontal(struct Acerto *posicoes, short tamanho)
;BatalhaNaval.c,76 :: 		do
L_posicionar_horizontal10:
;BatalhaNaval.c,78 :: 		x = gerar_aleatorio(15 - tamanho);
0x03F2	0x0102      	MOVLB       2
0x03F4	0x5161      	MOVF        FARG_posicionar_horizontal_tamanho, 0, 1
0x03F6	0x080F      	SUBLW       15
0x03F8	0x6F65      	MOVWF       FARG_gerar_aleatorio_limite, 1
0x03FA	0xDF84      	RCALL       _gerar_aleatorio
0x03FC	0xF262C000  	MOVFF       R0, posicionar_horizontal_x_L0
;BatalhaNaval.c,79 :: 		y = gerar_aleatorio(15 - tamanho);
0x0400	0x0102      	MOVLB       2
0x0402	0x5161      	MOVF        FARG_posicionar_horizontal_tamanho, 0, 1
0x0404	0x080F      	SUBLW       15
0x0406	0x6F65      	MOVWF       FARG_gerar_aleatorio_limite, 1
0x0408	0xDF7D      	RCALL       _gerar_aleatorio
0x040A	0xF263C000  	MOVFF       R0, posicionar_horizontal_y_L0
;BatalhaNaval.c,80 :: 		} while(!validar_posicoes_vazias(x, y, tamanho));
0x040E	0xF265C262  	MOVFF       posicionar_horizontal_x_L0, FARG_validar_posicoes_vazias_x
0x0412	0xF266C000  	MOVFF       R0, FARG_validar_posicoes_vazias_y
0x0416	0xF267C261  	MOVFF       FARG_posicionar_horizontal_tamanho, FARG_validar_posicoes_vazias_tamanho
0x041A	0xDF2A      	RCALL       _validar_posicoes_vazias
0x041C	0x5200      	MOVF        R0, 1 
0x041E	0xE0E9      	BZ          L_posicionar_horizontal10
;BatalhaNaval.c,82 :: 		for (i = x; i < x + tamanho; i++)
0x0420	0xF264C262  	MOVFF       posicionar_horizontal_x_L0, posicionar_horizontal_i_L0
L_posicionar_horizontal13:
0x0424	0x5161      	MOVF        FARG_posicionar_horizontal_tamanho, 0, 1
0x0426	0x2562      	ADDWF       posicionar_horizontal_x_L0, 0, 1
0x0428	0x6E01      	MOVWF       R1 
0x042A	0x0E00      	MOVLW       0
0x042C	0xBF62      	BTFSC       posicionar_horizontal_x_L0, 7, 1
0x042E	0x0EFF      	MOVLW       255
0x0430	0x6E02      	MOVWF       R2 
0x0432	0x0E00      	MOVLW       0
0x0434	0xBF61      	BTFSC       FARG_posicionar_horizontal_tamanho, 7, 1
0x0436	0x0EFF      	MOVLW       255
0x0438	0x2202      	ADDWFC      R2, 1 
0x043A	0x0E80      	MOVLW       128
0x043C	0xBF64      	BTFSC       posicionar_horizontal_i_L0, 7, 1
0x043E	0x0E7F      	MOVLW       127
0x0440	0x6E00      	MOVWF       R0 
0x0442	0x0E80      	MOVLW       128
0x0444	0x1802      	XORWF       R2, 0 
0x0446	0x5C00      	SUBWF       R0, 0 
0x0448	0xE102      	BNZ         L__posicionar_horizontal43
0x044A	0x5001      	MOVF        R1, 0 
0x044C	0x5D64      	SUBWF       posicionar_horizontal_i_L0, 0, 1
L__posicionar_horizontal43:
0x044E	0xE226      	BC          L_posicionar_horizontal14
;BatalhaNaval.c,83 :: 		matriz[i][y] = 1;
0x0450	0x0E1E      	MOVLW       30
0x0452	0x6E00      	MOVWF       R0 
0x0454	0x0E00      	MOVLW       0
0x0456	0x6E01      	MOVWF       R1 
0x0458	0xF004C264  	MOVFF       posicionar_horizontal_i_L0, R4
0x045C	0x0E00      	MOVLW       0
0x045E	0xBF64      	BTFSC       posicionar_horizontal_i_L0, 7, 1
0x0460	0x0EFF      	MOVLW       255
0x0462	0x6E05      	MOVWF       R5 
0x0464	0xDEDD      	RCALL       _Mul_16X16_U
0x0466	0x0E15      	MOVLW       _matriz
0x0468	0x2400      	ADDWF       R0, 0 
0x046A	0x6E03      	MOVWF       R3 
0x046C	0x0E00      	MOVLW       hi_addr(_matriz)
0x046E	0x2001      	ADDWFC      R1, 0 
0x0470	0x6E04      	MOVWF       R4 
0x0472	0xF000C263  	MOVFF       posicionar_horizontal_y_L0, R0
0x0476	0x0E00      	MOVLW       0
0x0478	0xBF63      	BTFSC       posicionar_horizontal_y_L0, 7, 1
0x047A	0x0EFF      	MOVLW       255
0x047C	0x6E01      	MOVWF       R1 
0x047E	0x3600      	RLCF        R0, 1 
0x0480	0x9000      	BCF         R0, 0 
0x0482	0x3601      	RLCF        R1, 1 
0x0484	0x5000      	MOVF        R0, 0 
0x0486	0x2403      	ADDWF       R3, 0 
0x0488	0x6EE1      	MOVWF       FSR1L 
0x048A	0x5001      	MOVF        R1, 0 
0x048C	0x2004      	ADDWFC      R4, 0 
0x048E	0x6EE2      	MOVWF       FSR1H 
0x0490	0x0E01      	MOVLW       1
0x0492	0x6EE6      	MOVWF       POSTINC1 
0x0494	0x0E00      	MOVLW       0
0x0496	0x6EE6      	MOVWF       POSTINC1 
;BatalhaNaval.c,82 :: 		for (i = x; i < x + tamanho; i++)
0x0498	0x2B64      	INCF        posicionar_horizontal_i_L0, 1, 1
;BatalhaNaval.c,83 :: 		matriz[i][y] = 1;
0x049A	0xD7C4      	BRA         L_posicionar_horizontal13
L_posicionar_horizontal14:
;BatalhaNaval.c,85 :: 		for (i = 0; i < tamanho; i++)
0x049C	0x6B64      	CLRF        posicionar_horizontal_i_L0, 1
L_posicionar_horizontal16:
0x049E	0x0E80      	MOVLW       128
0x04A0	0x1964      	XORWF       posicionar_horizontal_i_L0, 0, 1
0x04A2	0x6E00      	MOVWF       R0 
0x04A4	0x0E80      	MOVLW       128
0x04A6	0x1961      	XORWF       FARG_posicionar_horizontal_tamanho, 0, 1
0x04A8	0x5C00      	SUBWF       R0, 0 
0x04AA	0xE245      	BC          L_posicionar_horizontal17
;BatalhaNaval.c,87 :: 		posicoes[i].col = x;
0x04AC	0xF000C264  	MOVFF       posicionar_horizontal_i_L0, R0
0x04B0	0x0E00      	MOVLW       0
0x04B2	0xBF64      	BTFSC       posicionar_horizontal_i_L0, 7, 1
0x04B4	0x0EFF      	MOVLW       255
0x04B6	0x6E01      	MOVWF       R1 
0x04B8	0x3600      	RLCF        R0, 1 
0x04BA	0x9000      	BCF         R0, 0 
0x04BC	0x3601      	RLCF        R1, 1 
0x04BE	0x3600      	RLCF        R0, 1 
0x04C0	0x9000      	BCF         R0, 0 
0x04C2	0x3601      	RLCF        R1, 1 
0x04C4	0x515F      	MOVF        FARG_posicionar_horizontal_posicoes, 0, 1
0x04C6	0x2600      	ADDWF       R0, 1 
0x04C8	0x5160      	MOVF        FARG_posicionar_horizontal_posicoes+1, 0, 1
0x04CA	0x2201      	ADDWFC      R1, 1 
0x04CC	0x0E01      	MOVLW       1
0x04CE	0x2400      	ADDWF       R0, 0 
0x04D0	0x6EE1      	MOVWF       FSR1L 
0x04D2	0x0E00      	MOVLW       0
0x04D4	0x2001      	ADDWFC      R1, 0 
0x04D6	0x6EE2      	MOVWF       FSR1H 
0x04D8	0xFFE6C262  	MOVFF       posicionar_horizontal_x_L0, POSTINC1
;BatalhaNaval.c,88 :: 		posicoes[i].lin = y;
0x04DC	0xF000C264  	MOVFF       posicionar_horizontal_i_L0, R0
0x04E0	0x0E00      	MOVLW       0
0x04E2	0xBF64      	BTFSC       posicionar_horizontal_i_L0, 7, 1
0x04E4	0x0EFF      	MOVLW       255
0x04E6	0x6E01      	MOVWF       R1 
0x04E8	0x3600      	RLCF        R0, 1 
0x04EA	0x9000      	BCF         R0, 0 
0x04EC	0x3601      	RLCF        R1, 1 
0x04EE	0x3600      	RLCF        R0, 1 
0x04F0	0x9000      	BCF         R0, 0 
0x04F2	0x3601      	RLCF        R1, 1 
0x04F4	0x5000      	MOVF        R0, 0 
0x04F6	0x255F      	ADDWF       FARG_posicionar_horizontal_posicoes, 0, 1
0x04F8	0x6EE1      	MOVWF       FSR1L 
0x04FA	0x5001      	MOVF        R1, 0 
0x04FC	0x2160      	ADDWFC      FARG_posicionar_horizontal_posicoes+1, 0, 1
0x04FE	0x6EE2      	MOVWF       FSR1H 
0x0500	0xFFE6C263  	MOVFF       posicionar_horizontal_y_L0, POSTINC1
;BatalhaNaval.c,89 :: 		posicoes[i].acertou = 0;
0x0504	0xF000C264  	MOVFF       posicionar_horizontal_i_L0, R0
0x0508	0x0E00      	MOVLW       0
0x050A	0xBF64      	BTFSC       posicionar_horizontal_i_L0, 7, 1
0x050C	0x0EFF      	MOVLW       255
0x050E	0x6E01      	MOVWF       R1 
0x0510	0x3600      	RLCF        R0, 1 
0x0512	0x9000      	BCF         R0, 0 
0x0514	0x3601      	RLCF        R1, 1 
0x0516	0x3600      	RLCF        R0, 1 
0x0518	0x9000      	BCF         R0, 0 
0x051A	0x3601      	RLCF        R1, 1 
0x051C	0x515F      	MOVF        FARG_posicionar_horizontal_posicoes, 0, 1
0x051E	0x2600      	ADDWF       R0, 1 
0x0520	0x5160      	MOVF        FARG_posicionar_horizontal_posicoes+1, 0, 1
0x0522	0x2201      	ADDWFC      R1, 1 
0x0524	0x0E02      	MOVLW       2
0x0526	0x2400      	ADDWF       R0, 0 
0x0528	0x6EE1      	MOVWF       FSR1L 
0x052A	0x0E00      	MOVLW       0
0x052C	0x2001      	ADDWFC      R1, 0 
0x052E	0x6EE2      	MOVWF       FSR1H 
0x0530	0x6AE6      	CLRF        POSTINC1 
;BatalhaNaval.c,85 :: 		for (i = 0; i < tamanho; i++)
0x0532	0x2B64      	INCF        posicionar_horizontal_i_L0, 1, 1
;BatalhaNaval.c,90 :: 		}
0x0534	0xD7B4      	BRA         L_posicionar_horizontal16
L_posicionar_horizontal17:
;BatalhaNaval.c,91 :: 		}
L_end_posicionar_horizontal:
0x0536	0x0012      	RETURN      0
; end of _posicionar_horizontal
___CC2DW:
;__Lib_System.c,21 :: 		
;__Lib_System.c,23 :: 		
_CC2DL_Loop1:
;__Lib_System.c,24 :: 		
0x0538	0x0009      	TBLRD*+
;__Lib_System.c,25 :: 		
0x053A	0xFFE6CFF5  	MOVFF       TABLAT, POSTINC1
;__Lib_System.c,26 :: 		
0x053E	0x0600      	DECF        R0, 1, 0
;__Lib_System.c,27 :: 		
0x0540	0xE1FB      	BNZ         _CC2DL_Loop1
;__Lib_System.c,28 :: 		
0x0542	0x0601      	DECF        R1, 1, 0
;__Lib_System.c,29 :: 		
0x0544	0xE1F9      	BNZ         _CC2DL_Loop1
;__Lib_System.c,31 :: 		
L_end___CC2DW:
0x0546	0x0012      	RETURN      0
; end of ___CC2DW
_setup:
;BatalhaNaval.c,93 :: 		void setup()
;BatalhaNaval.c,96 :: 		UART1_Init(8200);
0x0548	0x0E3C      	MOVLW       60
0x054A	0x6EAF      	MOVWF       SPBRG 
0x054C	0x84AC      	BSF         TXSTA, 2, 0
0x054E	0xDF24      	RCALL       _UART1_Init
;BatalhaNaval.c,99 :: 		init_matrix();
0x0550	0xDEE7      	RCALL       _init_matrix
;BatalhaNaval.c,101 :: 		for (i = 0; i < 2; i++)
0x0552	0x6B5E      	CLRF        setup_i_L0, 1
L_setup19:
0x0554	0x0E80      	MOVLW       128
0x0556	0x195E      	XORWF       setup_i_L0, 0, 1
0x0558	0x6E00      	MOVWF       R0 
0x055A	0x0E80      	MOVLW       128
0x055C	0x0A02      	XORLW       2
0x055E	0x5C00      	SUBWF       R0, 0 
0x0560	0xE22C      	BC          L_setup20
;BatalhaNaval.c,103 :: 		posicionar_horizontal(encouracados[i].posicoes, 5);
0x0562	0x0E15      	MOVLW       21
0x0564	0x6E00      	MOVWF       R0 
0x0566	0x0E00      	MOVLW       0
0x0568	0x6E01      	MOVWF       R1 
0x056A	0xF004C25E  	MOVFF       setup_i_L0, R4
0x056E	0x0E00      	MOVLW       0
0x0570	0xBF5E      	BTFSC       setup_i_L0, 7, 1
0x0572	0x0EFF      	MOVLW       255
0x0574	0x6E05      	MOVWF       R5 
0x0576	0xDE54      	RCALL       _Mul_16X16_U
0x0578	0x0E15      	MOVLW       _encouracados
0x057A	0x2400      	ADDWF       R0, 0 
0x057C	0x6F5F      	MOVWF       FARG_posicionar_horizontal_posicoes, 1
0x057E	0x0E02      	MOVLW       hi_addr(_encouracados)
0x0580	0x2001      	ADDWFC      R1, 0 
0x0582	0x6F60      	MOVWF       FARG_posicionar_horizontal_posicoes+1, 1
0x0584	0x0E05      	MOVLW       5
0x0586	0x6F61      	MOVWF       FARG_posicionar_horizontal_tamanho, 1
0x0588	0xDF34      	RCALL       _posicionar_horizontal
;BatalhaNaval.c,104 :: 		encouracados[i].afundado = 0;
0x058A	0x0E15      	MOVLW       21
0x058C	0x6E00      	MOVWF       R0 
0x058E	0x0E00      	MOVLW       0
0x0590	0x6E01      	MOVWF       R1 
0x0592	0xF004C25E  	MOVFF       setup_i_L0, R4
0x0596	0x0E00      	MOVLW       0
0x0598	0xBF5E      	BTFSC       setup_i_L0, 7, 1
0x059A	0x0EFF      	MOVLW       255
0x059C	0x6E05      	MOVWF       R5 
0x059E	0xDE40      	RCALL       _Mul_16X16_U
0x05A0	0x0E15      	MOVLW       _encouracados
0x05A2	0x2600      	ADDWF       R0, 1 
0x05A4	0x0E02      	MOVLW       hi_addr(_encouracados)
0x05A6	0x2201      	ADDWFC      R1, 1 
0x05A8	0x0E14      	MOVLW       20
0x05AA	0x2400      	ADDWF       R0, 0 
0x05AC	0x6EE1      	MOVWF       FSR1L 
0x05AE	0x0E00      	MOVLW       0
0x05B0	0x2001      	ADDWFC      R1, 0 
0x05B2	0x6EE2      	MOVWF       FSR1H 
0x05B4	0x6AE6      	CLRF        POSTINC1 
;BatalhaNaval.c,101 :: 		for (i = 0; i < 2; i++)
0x05B6	0x2B5E      	INCF        setup_i_L0, 1, 1
;BatalhaNaval.c,105 :: 		}
0x05B8	0xD7CD      	BRA         L_setup19
L_setup20:
;BatalhaNaval.c,107 :: 		for (i = 0; i < 1; i++)
0x05BA	0x6B5E      	CLRF        setup_i_L0, 1
L_setup22:
0x05BC	0x0E80      	MOVLW       128
0x05BE	0x195E      	XORWF       setup_i_L0, 0, 1
0x05C0	0x6E00      	MOVWF       R0 
0x05C2	0x0E80      	MOVLW       128
0x05C4	0x0A01      	XORLW       1
0x05C6	0x5C00      	SUBWF       R0, 0 
0x05C8	0xE22C      	BC          L_setup23
;BatalhaNaval.c,109 :: 		posicionar_horizontal(porta_avioes[i].posicoes, 6);
0x05CA	0x0E19      	MOVLW       25
0x05CC	0x6E00      	MOVWF       R0 
0x05CE	0x0E00      	MOVLW       0
0x05D0	0x6E01      	MOVWF       R1 
0x05D2	0xF004C25E  	MOVFF       setup_i_L0, R4
0x05D6	0x0E00      	MOVLW       0
0x05D8	0xBF5E      	BTFSC       setup_i_L0, 7, 1
0x05DA	0x0EFF      	MOVLW       255
0x05DC	0x6E05      	MOVWF       R5 
0x05DE	0xDE20      	RCALL       _Mul_16X16_U
0x05E0	0x0EE8      	MOVLW       _porta_avioes
0x05E2	0x2400      	ADDWF       R0, 0 
0x05E4	0x6F5F      	MOVWF       FARG_posicionar_horizontal_posicoes, 1
0x05E6	0x0E01      	MOVLW       hi_addr(_porta_avioes)
0x05E8	0x2001      	ADDWFC      R1, 0 
0x05EA	0x6F60      	MOVWF       FARG_posicionar_horizontal_posicoes+1, 1
0x05EC	0x0E06      	MOVLW       6
0x05EE	0x6F61      	MOVWF       FARG_posicionar_horizontal_tamanho, 1
0x05F0	0xDF00      	RCALL       _posicionar_horizontal
;BatalhaNaval.c,110 :: 		porta_avioes[i].afundado = 0;
0x05F2	0x0E19      	MOVLW       25
0x05F4	0x6E00      	MOVWF       R0 
0x05F6	0x0E00      	MOVLW       0
0x05F8	0x6E01      	MOVWF       R1 
0x05FA	0xF004C25E  	MOVFF       setup_i_L0, R4
0x05FE	0x0E00      	MOVLW       0
0x0600	0xBF5E      	BTFSC       setup_i_L0, 7, 1
0x0602	0x0EFF      	MOVLW       255
0x0604	0x6E05      	MOVWF       R5 
0x0606	0xDE0C      	RCALL       _Mul_16X16_U
0x0608	0x0EE8      	MOVLW       _porta_avioes
0x060A	0x2600      	ADDWF       R0, 1 
0x060C	0x0E01      	MOVLW       hi_addr(_porta_avioes)
0x060E	0x2201      	ADDWFC      R1, 1 
0x0610	0x0E18      	MOVLW       24
0x0612	0x2400      	ADDWF       R0, 0 
0x0614	0x6EE1      	MOVWF       FSR1L 
0x0616	0x0E00      	MOVLW       0
0x0618	0x2001      	ADDWFC      R1, 0 
0x061A	0x6EE2      	MOVWF       FSR1H 
0x061C	0x6AE6      	CLRF        POSTINC1 
;BatalhaNaval.c,107 :: 		for (i = 0; i < 1; i++)
0x061E	0x2B5E      	INCF        setup_i_L0, 1, 1
;BatalhaNaval.c,111 :: 		}
0x0620	0xD7CD      	BRA         L_setup22
L_setup23:
;BatalhaNaval.c,113 :: 		for (i = 0; i < 4; i++)
0x0622	0x6B5E      	CLRF        setup_i_L0, 1
L_setup25:
0x0624	0x0E80      	MOVLW       128
0x0626	0x195E      	XORWF       setup_i_L0, 0, 1
0x0628	0x6E00      	MOVWF       R0 
0x062A	0x0E80      	MOVLW       128
0x062C	0x0A04      	XORLW       4
0x062E	0x5C00      	SUBWF       R0, 0 
0x0630	0xE22C      	BC          L_setup26
;BatalhaNaval.c,115 :: 		posicionar_horizontal(submarinos[i].posicoes, 1);
0x0632	0x0E05      	MOVLW       5
0x0634	0x6E00      	MOVWF       R0 
0x0636	0x0E00      	MOVLW       0
0x0638	0x6E01      	MOVWF       R1 
0x063A	0xF004C25E  	MOVFF       setup_i_L0, R4
0x063E	0x0E00      	MOVLW       0
0x0640	0xBF5E      	BTFSC       setup_i_L0, 7, 1
0x0642	0x0EFF      	MOVLW       255
0x0644	0x6E05      	MOVWF       R5 
0x0646	0xDDEC      	RCALL       _Mul_16X16_U
0x0648	0x0E01      	MOVLW       _submarinos
0x064A	0x2400      	ADDWF       R0, 0 
0x064C	0x6F5F      	MOVWF       FARG_posicionar_horizontal_posicoes, 1
0x064E	0x0E02      	MOVLW       hi_addr(_submarinos)
0x0650	0x2001      	ADDWFC      R1, 0 
0x0652	0x6F60      	MOVWF       FARG_posicionar_horizontal_posicoes+1, 1
0x0654	0x0E01      	MOVLW       1
0x0656	0x6F61      	MOVWF       FARG_posicionar_horizontal_tamanho, 1
0x0658	0xDECC      	RCALL       _posicionar_horizontal
;BatalhaNaval.c,116 :: 		submarinos[i].afundado = 0;
0x065A	0x0E05      	MOVLW       5
0x065C	0x6E00      	MOVWF       R0 
0x065E	0x0E00      	MOVLW       0
0x0660	0x6E01      	MOVWF       R1 
0x0662	0xF004C25E  	MOVFF       setup_i_L0, R4
0x0666	0x0E00      	MOVLW       0
0x0668	0xBF5E      	BTFSC       setup_i_L0, 7, 1
0x066A	0x0EFF      	MOVLW       255
0x066C	0x6E05      	MOVWF       R5 
0x066E	0xDDD8      	RCALL       _Mul_16X16_U
0x0670	0x0E01      	MOVLW       _submarinos
0x0672	0x2600      	ADDWF       R0, 1 
0x0674	0x0E02      	MOVLW       hi_addr(_submarinos)
0x0676	0x2201      	ADDWFC      R1, 1 
0x0678	0x0E04      	MOVLW       4
0x067A	0x2400      	ADDWF       R0, 0 
0x067C	0x6EE1      	MOVWF       FSR1L 
0x067E	0x0E00      	MOVLW       0
0x0680	0x2001      	ADDWFC      R1, 0 
0x0682	0x6EE2      	MOVWF       FSR1H 
0x0684	0x6AE6      	CLRF        POSTINC1 
;BatalhaNaval.c,113 :: 		for (i = 0; i < 4; i++)
0x0686	0x2B5E      	INCF        setup_i_L0, 1, 1
;BatalhaNaval.c,117 :: 		}
0x0688	0xD7CD      	BRA         L_setup25
L_setup26:
;BatalhaNaval.c,119 :: 		for (i = 0; i < 3; i++)
0x068A	0x6B5E      	CLRF        setup_i_L0, 1
L_setup28:
0x068C	0x0E80      	MOVLW       128
0x068E	0x195E      	XORWF       setup_i_L0, 0, 1
0x0690	0x6E00      	MOVWF       R0 
0x0692	0x0E80      	MOVLW       128
0x0694	0x0A03      	XORLW       3
0x0696	0x5C00      	SUBWF       R0, 0 
0x0698	0xE22C      	BC          L_setup29
;BatalhaNaval.c,121 :: 		posicionar_horizontal(cruzadores[i].posicoes, 2);
0x069A	0x0E09      	MOVLW       9
0x069C	0x6E00      	MOVWF       R0 
0x069E	0x0E00      	MOVLW       0
0x06A0	0x6E01      	MOVWF       R1 
0x06A2	0xF004C25E  	MOVFF       setup_i_L0, R4
0x06A6	0x0E00      	MOVLW       0
0x06A8	0xBF5E      	BTFSC       setup_i_L0, 7, 1
0x06AA	0x0EFF      	MOVLW       255
0x06AC	0x6E05      	MOVWF       R5 
0x06AE	0xDDB8      	RCALL       _Mul_16X16_U
0x06B0	0x0E43      	MOVLW       _cruzadores
0x06B2	0x2400      	ADDWF       R0, 0 
0x06B4	0x6F5F      	MOVWF       FARG_posicionar_horizontal_posicoes, 1
0x06B6	0x0E02      	MOVLW       hi_addr(_cruzadores)
0x06B8	0x2001      	ADDWFC      R1, 0 
0x06BA	0x6F60      	MOVWF       FARG_posicionar_horizontal_posicoes+1, 1
0x06BC	0x0E02      	MOVLW       2
0x06BE	0x6F61      	MOVWF       FARG_posicionar_horizontal_tamanho, 1
0x06C0	0xDE98      	RCALL       _posicionar_horizontal
;BatalhaNaval.c,122 :: 		cruzadores[i].afundado = 0;
0x06C2	0x0E09      	MOVLW       9
0x06C4	0x6E00      	MOVWF       R0 
0x06C6	0x0E00      	MOVLW       0
0x06C8	0x6E01      	MOVWF       R1 
0x06CA	0xF004C25E  	MOVFF       setup_i_L0, R4
0x06CE	0x0E00      	MOVLW       0
0x06D0	0xBF5E      	BTFSC       setup_i_L0, 7, 1
0x06D2	0x0EFF      	MOVLW       255
0x06D4	0x6E05      	MOVWF       R5 
0x06D6	0xDDA4      	RCALL       _Mul_16X16_U
0x06D8	0x0E43      	MOVLW       _cruzadores
0x06DA	0x2600      	ADDWF       R0, 1 
0x06DC	0x0E02      	MOVLW       hi_addr(_cruzadores)
0x06DE	0x2201      	ADDWFC      R1, 1 
0x06E0	0x0E08      	MOVLW       8
0x06E2	0x2400      	ADDWF       R0, 0 
0x06E4	0x6EE1      	MOVWF       FSR1L 
0x06E6	0x0E00      	MOVLW       0
0x06E8	0x2001      	ADDWFC      R1, 0 
0x06EA	0x6EE2      	MOVWF       FSR1H 
0x06EC	0x6AE6      	CLRF        POSTINC1 
;BatalhaNaval.c,119 :: 		for (i = 0; i < 3; i++)
0x06EE	0x2B5E      	INCF        setup_i_L0, 1, 1
;BatalhaNaval.c,123 :: 		}
0x06F0	0xD7CD      	BRA         L_setup28
L_setup29:
;BatalhaNaval.c,124 :: 		}
L_end_setup:
0x06F2	0x0012      	RETURN      0
; end of _setup
_main_loop:
;BatalhaNaval.c,126 :: 		short main_loop()
;BatalhaNaval.c,129 :: 		}
L_end_main_loop:
0x06F4	0x0012      	RETURN      0
; end of _main_loop
_main:
0x06F6	0xF004EC63  	CALL        2246, 0
;BatalhaNaval.c,131 :: 		void main()
;BatalhaNaval.c,135 :: 		setup();
0x06FA	0xDF26      	RCALL       _setup
;BatalhaNaval.c,137 :: 		do
L_main31:
;BatalhaNaval.c,139 :: 		terminou = main_loop();
0x06FC	0xDFFB      	RCALL       _main_loop
;BatalhaNaval.c,140 :: 		} while (!terminou);
0x06FE	0x5200      	MOVF        R0, 1 
0x0700	0xE0FD      	BZ          L_main31
;BatalhaNaval.c,141 :: 		}
L_end_main:
0x0702	0xD7FF      	BRA         $+0
; end of _main
0x08C6	0xF015EE10  	LFSR        1, 21
0x08CA	0x0EC2      	MOVLW       194
0x08CC	0x6E00      	MOVWF       R0 
0x08CE	0x0E02      	MOVLW       2
0x08D0	0x6E01      	MOVWF       R1 
0x08D2	0x0E04      	MOVLW       4
0x08D4	0x6EF6      	MOVWF       4086 
0x08D6	0x0E07      	MOVLW       7
0x08D8	0x6EF7      	MOVWF       TBLPTRH 
0x08DA	0x0E00      	MOVLW       0
0x08DC	0x6EF8      	MOVWF       TBLPTRU 
0x08DE	0xF002EC9C  	CALL        1336, 0
0x08E2	0x0012      	RETURN      0
;BatalhaNaval.c,0 :: ?ICS_matriz
0x0704	0x0000 ;?ICS_matriz+0
0x0706	0x0000 ;?ICS_matriz+2
0x0708	0x0000 ;?ICS_matriz+4
0x070A	0x0000 ;?ICS_matriz+6
0x070C	0x0000 ;?ICS_matriz+8
0x070E	0x0000 ;?ICS_matriz+10
0x0710	0x0000 ;?ICS_matriz+12
0x0712	0x0000 ;?ICS_matriz+14
0x0714	0x0000 ;?ICS_matriz+16
0x0716	0x0000 ;?ICS_matriz+18
0x0718	0x0000 ;?ICS_matriz+20
0x071A	0x0000 ;?ICS_matriz+22
0x071C	0x0000 ;?ICS_matriz+24
0x071E	0x0000 ;?ICS_matriz+26
0x0720	0x0000 ;?ICS_matriz+28
0x0722	0x0000 ;?ICS_matriz+30
0x0724	0x0000 ;?ICS_matriz+32
0x0726	0x0000 ;?ICS_matriz+34
0x0728	0x0000 ;?ICS_matriz+36
0x072A	0x0000 ;?ICS_matriz+38
0x072C	0x0000 ;?ICS_matriz+40
0x072E	0x0000 ;?ICS_matriz+42
0x0730	0x0000 ;?ICS_matriz+44
0x0732	0x0000 ;?ICS_matriz+46
0x0734	0x0000 ;?ICS_matriz+48
0x0736	0x0000 ;?ICS_matriz+50
0x0738	0x0000 ;?ICS_matriz+52
0x073A	0x0000 ;?ICS_matriz+54
0x073C	0x0000 ;?ICS_matriz+56
0x073E	0x0000 ;?ICS_matriz+58
0x0740	0x0000 ;?ICS_matriz+60
0x0742	0x0000 ;?ICS_matriz+62
0x0744	0x0000 ;?ICS_matriz+64
0x0746	0x0000 ;?ICS_matriz+66
0x0748	0x0000 ;?ICS_matriz+68
0x074A	0x0000 ;?ICS_matriz+70
0x074C	0x0000 ;?ICS_matriz+72
0x074E	0x0000 ;?ICS_matriz+74
0x0750	0x0000 ;?ICS_matriz+76
0x0752	0x0000 ;?ICS_matriz+78
0x0754	0x0000 ;?ICS_matriz+80
0x0756	0x0000 ;?ICS_matriz+82
0x0758	0x0000 ;?ICS_matriz+84
0x075A	0x0000 ;?ICS_matriz+86
0x075C	0x0000 ;?ICS_matriz+88
0x075E	0x0000 ;?ICS_matriz+90
0x0760	0x0000 ;?ICS_matriz+92
0x0762	0x0000 ;?ICS_matriz+94
0x0764	0x0000 ;?ICS_matriz+96
0x0766	0x0000 ;?ICS_matriz+98
0x0768	0x0000 ;?ICS_matriz+100
0x076A	0x0000 ;?ICS_matriz+102
0x076C	0x0000 ;?ICS_matriz+104
0x076E	0x0000 ;?ICS_matriz+106
0x0770	0x0000 ;?ICS_matriz+108
0x0772	0x0000 ;?ICS_matriz+110
0x0774	0x0000 ;?ICS_matriz+112
0x0776	0x0000 ;?ICS_matriz+114
0x0778	0x0000 ;?ICS_matriz+116
0x077A	0x0000 ;?ICS_matriz+118
0x077C	0x0000 ;?ICS_matriz+120
0x077E	0x0000 ;?ICS_matriz+122
0x0780	0x0000 ;?ICS_matriz+124
0x0782	0x0000 ;?ICS_matriz+126
0x0784	0x0000 ;?ICS_matriz+128
0x0786	0x0000 ;?ICS_matriz+130
0x0788	0x0000 ;?ICS_matriz+132
0x078A	0x0000 ;?ICS_matriz+134
0x078C	0x0000 ;?ICS_matriz+136
0x078E	0x0000 ;?ICS_matriz+138
0x0790	0x0000 ;?ICS_matriz+140
0x0792	0x0000 ;?ICS_matriz+142
0x0794	0x0000 ;?ICS_matriz+144
0x0796	0x0000 ;?ICS_matriz+146
0x0798	0x0000 ;?ICS_matriz+148
0x079A	0x0000 ;?ICS_matriz+150
0x079C	0x0000 ;?ICS_matriz+152
0x079E	0x0000 ;?ICS_matriz+154
0x07A0	0x0000 ;?ICS_matriz+156
0x07A2	0x0000 ;?ICS_matriz+158
0x07A4	0x0000 ;?ICS_matriz+160
0x07A6	0x0000 ;?ICS_matriz+162
0x07A8	0x0000 ;?ICS_matriz+164
0x07AA	0x0000 ;?ICS_matriz+166
0x07AC	0x0000 ;?ICS_matriz+168
0x07AE	0x0000 ;?ICS_matriz+170
0x07B0	0x0000 ;?ICS_matriz+172
0x07B2	0x0000 ;?ICS_matriz+174
0x07B4	0x0000 ;?ICS_matriz+176
0x07B6	0x0000 ;?ICS_matriz+178
0x07B8	0x0000 ;?ICS_matriz+180
0x07BA	0x0000 ;?ICS_matriz+182
0x07BC	0x0000 ;?ICS_matriz+184
0x07BE	0x0000 ;?ICS_matriz+186
0x07C0	0x0000 ;?ICS_matriz+188
0x07C2	0x0000 ;?ICS_matriz+190
0x07C4	0x0000 ;?ICS_matriz+192
0x07C6	0x0000 ;?ICS_matriz+194
0x07C8	0x0000 ;?ICS_matriz+196
0x07CA	0x0000 ;?ICS_matriz+198
0x07CC	0x0000 ;?ICS_matriz+200
0x07CE	0x0000 ;?ICS_matriz+202
0x07D0	0x0000 ;?ICS_matriz+204
0x07D2	0x0000 ;?ICS_matriz+206
0x07D4	0x0000 ;?ICS_matriz+208
0x07D6	0x0000 ;?ICS_matriz+210
0x07D8	0x0000 ;?ICS_matriz+212
0x07DA	0x0000 ;?ICS_matriz+214
0x07DC	0x0000 ;?ICS_matriz+216
0x07DE	0x0000 ;?ICS_matriz+218
0x07E0	0x0000 ;?ICS_matriz+220
0x07E2	0x0000 ;?ICS_matriz+222
0x07E4	0x0000 ;?ICS_matriz+224
0x07E6	0x0000 ;?ICS_matriz+226
0x07E8	0x0000 ;?ICS_matriz+228
0x07EA	0x0000 ;?ICS_matriz+230
0x07EC	0x0000 ;?ICS_matriz+232
0x07EE	0x0000 ;?ICS_matriz+234
0x07F0	0x0000 ;?ICS_matriz+236
0x07F2	0x0000 ;?ICS_matriz+238
0x07F4	0x0000 ;?ICS_matriz+240
0x07F6	0x0000 ;?ICS_matriz+242
0x07F8	0x0000 ;?ICS_matriz+244
0x07FA	0x0000 ;?ICS_matriz+246
0x07FC	0x0000 ;?ICS_matriz+248
0x07FE	0x0000 ;?ICS_matriz+250
0x0800	0x0000 ;?ICS_matriz+252
0x0802	0x0000 ;?ICS_matriz+254
0x0804	0x0000 ;?ICS_matriz+256
0x0806	0x0000 ;?ICS_matriz+258
0x0808	0x0000 ;?ICS_matriz+260
0x080A	0x0000 ;?ICS_matriz+262
0x080C	0x0000 ;?ICS_matriz+264
0x080E	0x0000 ;?ICS_matriz+266
0x0810	0x0000 ;?ICS_matriz+268
0x0812	0x0000 ;?ICS_matriz+270
0x0814	0x0000 ;?ICS_matriz+272
0x0816	0x0000 ;?ICS_matriz+274
0x0818	0x0000 ;?ICS_matriz+276
0x081A	0x0000 ;?ICS_matriz+278
0x081C	0x0000 ;?ICS_matriz+280
0x081E	0x0000 ;?ICS_matriz+282
0x0820	0x0000 ;?ICS_matriz+284
0x0822	0x0000 ;?ICS_matriz+286
0x0824	0x0000 ;?ICS_matriz+288
0x0826	0x0000 ;?ICS_matriz+290
0x0828	0x0000 ;?ICS_matriz+292
0x082A	0x0000 ;?ICS_matriz+294
0x082C	0x0000 ;?ICS_matriz+296
0x082E	0x0000 ;?ICS_matriz+298
0x0830	0x0000 ;?ICS_matriz+300
0x0832	0x0000 ;?ICS_matriz+302
0x0834	0x0000 ;?ICS_matriz+304
0x0836	0x0000 ;?ICS_matriz+306
0x0838	0x0000 ;?ICS_matriz+308
0x083A	0x0000 ;?ICS_matriz+310
0x083C	0x0000 ;?ICS_matriz+312
0x083E	0x0000 ;?ICS_matriz+314
0x0840	0x0000 ;?ICS_matriz+316
0x0842	0x0000 ;?ICS_matriz+318
0x0844	0x0000 ;?ICS_matriz+320
0x0846	0x0000 ;?ICS_matriz+322
0x0848	0x0000 ;?ICS_matriz+324
0x084A	0x0000 ;?ICS_matriz+326
0x084C	0x0000 ;?ICS_matriz+328
0x084E	0x0000 ;?ICS_matriz+330
0x0850	0x0000 ;?ICS_matriz+332
0x0852	0x0000 ;?ICS_matriz+334
0x0854	0x0000 ;?ICS_matriz+336
0x0856	0x0000 ;?ICS_matriz+338
0x0858	0x0000 ;?ICS_matriz+340
0x085A	0x0000 ;?ICS_matriz+342
0x085C	0x0000 ;?ICS_matriz+344
0x085E	0x0000 ;?ICS_matriz+346
0x0860	0x0000 ;?ICS_matriz+348
0x0862	0x0000 ;?ICS_matriz+350
0x0864	0x0000 ;?ICS_matriz+352
0x0866	0x0000 ;?ICS_matriz+354
0x0868	0x0000 ;?ICS_matriz+356
0x086A	0x0000 ;?ICS_matriz+358
0x086C	0x0000 ;?ICS_matriz+360
0x086E	0x0000 ;?ICS_matriz+362
0x0870	0x0000 ;?ICS_matriz+364
0x0872	0x0000 ;?ICS_matriz+366
0x0874	0x0000 ;?ICS_matriz+368
0x0876	0x0000 ;?ICS_matriz+370
0x0878	0x0000 ;?ICS_matriz+372
0x087A	0x0000 ;?ICS_matriz+374
0x087C	0x0000 ;?ICS_matriz+376
0x087E	0x0000 ;?ICS_matriz+378
0x0880	0x0000 ;?ICS_matriz+380
0x0882	0x0000 ;?ICS_matriz+382
0x0884	0x0000 ;?ICS_matriz+384
0x0886	0x0000 ;?ICS_matriz+386
0x0888	0x0000 ;?ICS_matriz+388
0x088A	0x0000 ;?ICS_matriz+390
0x088C	0x0000 ;?ICS_matriz+392
0x088E	0x0000 ;?ICS_matriz+394
0x0890	0x0000 ;?ICS_matriz+396
0x0892	0x0000 ;?ICS_matriz+398
0x0894	0x0000 ;?ICS_matriz+400
0x0896	0x0000 ;?ICS_matriz+402
0x0898	0x0000 ;?ICS_matriz+404
0x089A	0x0000 ;?ICS_matriz+406
0x089C	0x0000 ;?ICS_matriz+408
0x089E	0x0000 ;?ICS_matriz+410
0x08A0	0x0000 ;?ICS_matriz+412
0x08A2	0x0000 ;?ICS_matriz+414
0x08A4	0x0000 ;?ICS_matriz+416
0x08A6	0x0000 ;?ICS_matriz+418
0x08A8	0x0000 ;?ICS_matriz+420
0x08AA	0x0000 ;?ICS_matriz+422
0x08AC	0x0000 ;?ICS_matriz+424
0x08AE	0x0000 ;?ICS_matriz+426
0x08B0	0x0000 ;?ICS_matriz+428
0x08B2	0x0000 ;?ICS_matriz+430
0x08B4	0x0000 ;?ICS_matriz+432
0x08B6	0x0000 ;?ICS_matriz+434
0x08B8	0x0000 ;?ICS_matriz+436
0x08BA	0x0000 ;?ICS_matriz+438
0x08BC	0x0000 ;?ICS_matriz+440
0x08BE	0x0000 ;?ICS_matriz+442
0x08C0	0x0000 ;?ICS_matriz+444
0x08C2	0x0000 ;?ICS_matriz+446
0x08C4	0x0000 ;?ICS_matriz+448
; end of ?ICS_matriz
Symbol List:
//** Routines locations **
//ADDRESS    SIZE    PROCEDURE
//----------------------------------------------
0x001C      [82]    _Mul_32x32_U
0x006E      [88]    _Div_16x16_S_L
0x00C6      [22]    _srand
0x00DC     [126]    _rand
0x015A     [198]    _Div_16x16_S
0x0220      [80]    _Mul_16X16_U
0x0270     [148]    _validar_posicoes_vazias
0x0304      [28]    _gerar_aleatorio
0x0320     [120]    _init_matrix
0x0398      [90]    _UART1_Init
0x03F2     [326]    _posicionar_horizontal
0x0538      [16]    ___CC2DW
0x0548     [428]    _setup
0x06F4       [2]    _main_loop
0x06F6      [14]    _main
//** Variables locations ** 
//ADDRESS    SIZE    VARIABLE
//----------------------------------------------
0x0000       [1]    __Lib_SoftI2C_PutZerosToLATScl_temp_scl_L0
0x0000       [1]    EEPROM_Write_SaveINTCON_L0
0x0000       [1]    R0
0x0000       [1]    SPI1_Write_tmp_L0
0x0000       [1]    UART1_Init_tmp_L0
0x0000       [1]    __Lib_SoftI2C_PutZerosToLATSda_temp_sda_L0
0x0000       [1]    FLASH_Erase_64_SaveINTCON_L0
0x0001       [1]    ispunct_rslt_L0
0x0001       [1]    UART1_Read___tmp_UART1_Read_L0
0x0001       [1]    __Lib_PS2_Wait_Falling_nsample_L0
0x0001       [1]    I2C1_Rd_tmp_L0
0x0001       [1]    __Lib_TFT_16bit_JPEG_FileRead_i_L0
0x0001       [1]    __Lib_TFT_16bit_JPEG_FileReadBytes_Result_L0
0x0001       [1]    R1
0x0001       [1]    FLASH_Erase_Write_64_i_L0
0x0001       [1]    FLASH_Write_8_i_L0
0x0001       [1]    __Lib_TFT_JPEG_FileRead_i_L0
0x0001       [2]    FLASH_Read_N_Bytes_i_L0
0x0001       [1]    __Lib_TFT_JPEG_FileReadBytes_Result_L0
0x0002       [1]    FLASH_Write_8_SaveINTCON_L0
0x0002       [2]    memchr_s_L0
0x0002       [2]    memcpy_dd_L0
0x0002       [1]    FLASH_Erase_Write_64_j_L0
0x0002       [2]    memset_pp_L0
0x0002       [2]    strlen_cp_L0
0x0002       [1]    R2
0x0003       [1]    __Lib_Sprinti_?FLOC____Lib_Sprinti_Do_FillT29
0x0003       [2]    __Lib_MmcFat16_f16_toInt_l_L0
0x0003       [2]    MM_TotalFreeMemSize_Tot_L0
0x0003       [1]    R3
0x0003       [2]    memmove_tt_L0
0x0003       [1]    FLASH_Erase_Write_64_SaveINTCON_L0
0x0003       [1]    MM_Init_i_L0
0x0003       [2]    Ltrim_original_L0
0x0004       [2]    strcat_cp_L0
0x0004       [1]    R4
0x0004       [2]    strncpy_cp_L0
0x0004       [1]    __Lib_Sprinti_?FLOC____Lib_Sprinti_Do_FillT40
0x0004       [2]    frexp_pom_L0
0x0004       [2]    __Lib_MemManager_MM_GetMemAlign_P_L0
0x0004       [2]    memcpy_ss_L0
0x0004       [2]    strcpy_cp_L0
0x0004       [2]    strncat_cp_L0
0x0005       [2]    LongIntToHex_input_half_L0
0x0005       [1]    R5
0x0005       [2]    memmove_ff_L0
0x0005       [1]    __Lib_Sprinti_?FLOC____Lib_Sprinti_Do_FillT54
0x0005       [2]    Ltrim_p_L0
0x0005       [2]    LongWordToHex_input_half_L0
0x0005       [1]    MM_TotalFreeMemSize_i_L0
0x0006       [1]    R6
0x0006       [1]    __Lib_Sprinti_?FLOC____Lib_Sprinti_Do_FillT69
0x0006       [1]    __Lib_MemManager_MM_GetMemAlign_i_L0
0x0007       [1]    __Lib_TFT_16bit_JPEG_GenerateHuffmanTables_bLength_L0
0x0007       [1]    __Lib_TFT_JPEG_GenerateHuffmanTables_bLength_L0
0x0007       [1]    R7
0x0008       [1]    __Lib_TFT_16bit_JPEG_GenerateHuffmanTables_bTable_L0
0x0008       [1]    __Lib_TFT_JPEG_GenerateHuffmanTables_bTable_L0
0x0008       [1]    R8
0x0009       [1]    R9
0x0009       [4]    __Lib_MmcFat16_f16_toLong_l_L0
0x000A       [1]    R10
0x000B       [1]    R11
0x000C       [1]    R12
0x000D       [1]    R13
0x000E       [1]    R14
0x000F       [1]    R15
0x0010       [1]    R16
0x0011       [1]    R17
0x0012       [1]    R18
0x0013       [1]    R19
0x0014       [1]    R20
0x0015     [450]    _matriz
0x01D7       [4]    _UART_Wr_Ptr
0x01DB       [4]    _UART_Rd_Ptr
0x01DF       [4]    __Lib_CStdlib_randx
0x01E3       [1]    __Lib_CStdlib_randf
0x01E4       [4]    _UART_Rdy_Ptr
0x01E8      [25]    _porta_avioes
0x0201      [20]    _submarinos
0x0215      [42]    _encouracados
0x023F       [4]    _UART_Tx_Idle_Ptr
0x0243      [27]    _cruzadores
0x025E       [1]    setup_i_L0
0x025F       [2]    init_matrix_i_L0
0x025F       [2]    FARG_posicionar_horizontal_posicoes
0x0261       [2]    init_matrix_j_L0
0x0261       [1]    FARG_posicionar_horizontal_tamanho
0x0262       [1]    posicionar_horizontal_x_L0
0x0263       [1]    posicionar_horizontal_y_L0
0x0264       [1]    posicionar_horizontal_i_L0
0x0265       [1]    FARG_gerar_aleatorio_limite
0x0265       [1]    FARG_validar_posicoes_vazias_x
0x0266       [1]    FARG_validar_posicoes_vazias_y
0x0267       [1]    FARG_validar_posicoes_vazias_tamanho
0x0268       [1]    validar_posicoes_vazias_i_L0
0x0269       [2]    FARG_srand_x
0x0F94       [0]    TRISC6_bit
0x0F94       [0]    TRISC7_bit
0x0F9E       [1]    PIR1
0x0FAB       [1]    RCSTA
0x0FAC       [1]    TXSTA
0x0FAE       [1]    RCREG
0x0FAF       [1]    SPBRG
0x0FD8       [1]    STATUS
0x0FD9       [1]    FSR2L
0x0FDA       [1]    FSR2H
0x0FDE       [1]    POSTINC2
0x0FE0       [1]    BSR
0x0FE1       [1]    FSR1L
0x0FE2       [1]    FSR1H
0x0FE4       [1]    PREINC1
0x0FE6       [1]    POSTINC1
0x0FE7       [1]    INDF1
0x0FE8       [1]    WREG
0x0FE9       [1]    FSR0L
0x0FEA       [1]    FSR0H
0x0FEE       [1]    POSTINC0
0x0FF3       [1]    PRODL
0x0FF4       [1]    PRODH
0x0FF5       [1]    TABLAT
0x0FF6       [1]    TBLPTRL
0x0FF7       [1]    TBLPTRH
0x0FF8       [1]    TBLPTRU
//** Constants locations ** 
//ADDRESS    SIZE    CONSTANT
//----------------------------------------------
0x0704     [450]    ?ICS_matriz
